d:\steam\steamapps\common\quake 2\rerelease\basechurch\src\rerelease\x64\release\bot_utils.obj
d:\steam\steamapps\common\quake 2\rerelease\basechurch\src\rerelease\x64\release\g_target.obj
d:\steam\steamapps\common\quake 2\rerelease\basechurch\src\rerelease\x64\release\m_chick.obj
d:\steam\steamapps\common\quake 2\rerelease\basechurch\src\rerelease\x64\release\m_move.obj
d:\steam\steamapps\common\quake 2\rerelease\basechurch\src\rerelease\x64\release\p_weapon.obj
d:\steam\steamapps\common\quake 2\rerelease\basechurch\src\rerelease\x64\release\g_rogue_newtrig.obj
d:\steam\steamapps\common\quake 2\rerelease\basechurch\src\rerelease\x64\release\p_rogue_weapon.obj
d:\steam\steamapps\common\quake 2\rerelease\basechurch\src\rerelease\x64\release\p_xatrix_weapon.obj
d:\steam\steamapps\common\quake 2\rerelease\basechurch\src\rerelease\x64\release\bot_debug.obj
d:\steam\steamapps\common\quake 2\rerelease\basechurch\src\rerelease\x64\release\g_main.obj
d:\steam\steamapps\common\quake 2\rerelease\basechurch\src\rerelease\x64\release\m_actor.obj
d:\steam\steamapps\common\quake 2\rerelease\basechurch\src\rerelease\x64\release\m_guncmdr.obj
d:\steam\steamapps\common\quake 2\rerelease\basechurch\src\rerelease\x64\release\m_tank.obj
d:\steam\steamapps\common\quake 2\rerelease\basechurch\src\rerelease\x64\release\g_rogue_newai.obj
d:\steam\steamapps\common\quake 2\rerelease\basechurch\src\rerelease\x64\release\m_rogue_widow.obj
d:\steam\steamapps\common\quake 2\rerelease\basechurch\src\rerelease\x64\release\m_xatrix_gekk.obj
d:\steam\steamapps\common\quake 2\rerelease\basechurch\src\rerelease\x64\release\cg_main.obj
d:\steam\steamapps\common\quake 2\rerelease\basechurch\src\rerelease\x64\release\g_func.obj
d:\steam\steamapps\common\quake 2\rerelease\basechurch\src\rerelease\x64\release\g_weapon.obj
d:\steam\steamapps\common\quake 2\rerelease\basechurch\src\rerelease\x64\release\m_float.obj
d:\steam\steamapps\common\quake 2\rerelease\basechurch\src\rerelease\x64\release\m_parasite.obj
d:\steam\steamapps\common\quake 2\rerelease\basechurch\src\rerelease\x64\release\g_rogue_combat.obj
d:\steam\steamapps\common\quake 2\rerelease\basechurch\src\rerelease\x64\release\g_rogue_spawn.obj
d:\steam\steamapps\common\quake 2\rerelease\basechurch\src\rerelease\x64\release\g_xatrix_misc.obj
d:\steam\steamapps\common\quake 2\rerelease\basechurch\src\rerelease\x64\release\g_cmds.obj
d:\steam\steamapps\common\quake 2\rerelease\basechurch\src\rerelease\x64\release\g_trigger.obj
d:\steam\steamapps\common\quake 2\rerelease\basechurch\src\rerelease\x64\release\m_boss31.obj
d:\steam\steamapps\common\quake 2\rerelease\basechurch\src\rerelease\x64\release\m_infantry.obj
d:\steam\steamapps\common\quake 2\rerelease\basechurch\src\rerelease\x64\release\p_trail.obj
d:\steam\steamapps\common\quake 2\rerelease\basechurch\src\rerelease\x64\release\g_rogue_newdm.obj
d:\steam\steamapps\common\quake 2\rerelease\basechurch\src\rerelease\x64\release\m_rogue_turret.obj
d:\steam\steamapps\common\quake 2\rerelease\basechurch\src\rerelease\x64\release\m_xatrix_fixbot.obj
d:\steam\steamapps\common\quake 2\rerelease\basechurch\src\rerelease\x64\release\g_ai.obj
d:\steam\steamapps\common\quake 2\rerelease\basechurch\src\rerelease\x64\release\g_svcmds.obj
d:\steam\steamapps\common\quake 2\rerelease\basechurch\src\rerelease\x64\release\m_arachnid.obj
d:\steam\steamapps\common\quake 2\rerelease\basechurch\src\rerelease\x64\release\m_guardian.obj
d:\steam\steamapps\common\quake 2\rerelease\basechurch\src\rerelease\x64\release\m_supertank.obj
d:\steam\steamapps\common\quake 2\rerelease\basechurch\src\rerelease\x64\release\g_rogue_func.obj
d:\steam\steamapps\common\quake 2\rerelease\basechurch\src\rerelease\x64\release\g_rogue_sphere.obj
d:\steam\steamapps\common\quake 2\rerelease\basechurch\src\rerelease\x64\release\g_xatrix_items.obj
d:\steam\steamapps\common\quake 2\rerelease\basechurch\src\rerelease\x64\release\p_ctf_menu.obj
d:\steam\steamapps\common\quake 2\rerelease\basechurch\src\rerelease\x64\release\g_spawn.obj
d:\steam\steamapps\common\quake 2\rerelease\basechurch\src\rerelease\x64\release\m_brain.obj
d:\steam\steamapps\common\quake 2\rerelease\basechurch\src\rerelease\x64\release\m_insane.obj
d:\steam\steamapps\common\quake 2\rerelease\basechurch\src\rerelease\x64\release\p_move.obj
d:\steam\steamapps\common\quake 2\rerelease\basechurch\src\rerelease\x64\release\g_rogue_items.obj
d:\steam\steamapps\common\quake 2\rerelease\basechurch\src\rerelease\x64\release\g_rogue_utils.obj
d:\steam\steamapps\common\quake 2\rerelease\basechurch\src\rerelease\x64\release\g_xatrix_monster.obj
d:\steam\steamapps\common\quake 2\rerelease\basechurch\src\rerelease\x64\release\g_ctf.obj
d:\steam\steamapps\common\quake 2\rerelease\basechurch\src\rerelease\x64\release\g_turret.obj
d:\steam\steamapps\common\quake 2\rerelease\basechurch\src\rerelease\x64\release\m_flipper.obj
d:\steam\steamapps\common\quake 2\rerelease\basechurch\src\rerelease\x64\release\m_mutant.obj
d:\steam\steamapps\common\quake 2\rerelease\basechurch\src\rerelease\x64\release\q_std.obj
d:\steam\steamapps\common\quake 2\rerelease\basechurch\src\rerelease\x64\release\g_rogue_phys.obj
d:\steam\steamapps\common\quake 2\rerelease\basechurch\src\rerelease\x64\release\rogue_dm_tag.obj
d:\steam\steamapps\common\quake 2\rerelease\basechurch\src\rerelease\x64\release\bot_exports.obj
d:\steam\steamapps\common\quake 2\rerelease\basechurch\src\rerelease\x64\release\g_save.obj
d:\steam\steamapps\common\quake 2\rerelease\basechurch\src\rerelease\x64\release\m_boss32.obj
d:\steam\steamapps\common\quake 2\rerelease\basechurch\src\rerelease\x64\release\m_medic.obj
d:\steam\steamapps\common\quake 2\rerelease\basechurch\src\rerelease\x64\release\p_view.obj
d:\steam\steamapps\common\quake 2\rerelease\basechurch\src\rerelease\x64\release\g_rogue_newtarg.obj
d:\steam\steamapps\common\quake 2\rerelease\basechurch\src\rerelease\x64\release\rogue_dm_ball.obj
d:\steam\steamapps\common\quake 2\rerelease\basechurch\src\rerelease\x64\release\cg_screen.obj
d:\steam\steamapps\common\quake 2\rerelease\basechurch\src\rerelease\x64\release\g_items.obj
d:\steam\steamapps\common\quake 2\rerelease\basechurch\src\rerelease\x64\release\m_berserk.obj
d:\steam\steamapps\common\quake 2\rerelease\basechurch\src\rerelease\x64\release\m_gladiator.obj
d:\steam\steamapps\common\quake 2\rerelease\basechurch\src\rerelease\x64\release\m_soldier.obj
d:\steam\steamapps\common\quake 2\rerelease\basechurch\src\rerelease\x64\release\g_rogue_monster.obj
d:\steam\steamapps\common\quake 2\rerelease\basechurch\src\rerelease\x64\release\m_rogue_stalker.obj
d:\steam\steamapps\common\quake 2\rerelease\basechurch\src\rerelease\x64\release\g_xatrix_weapon.obj
d:\steam\steamapps\common\quake 2\rerelease\basechurch\src\rerelease\x64\release\g_chase.obj
d:\steam\steamapps\common\quake 2\rerelease\basechurch\src\rerelease\x64\release\g_misc.obj
d:\steam\steamapps\common\quake 2\rerelease\basechurch\src\rerelease\x64\release\m_boss2.obj
d:\steam\steamapps\common\quake 2\rerelease\basechurch\src\rerelease\x64\release\m_hover.obj
d:\steam\steamapps\common\quake 2\rerelease\basechurch\src\rerelease\x64\release\p_hud.obj
d:\steam\steamapps\common\quake 2\rerelease\basechurch\src\rerelease\x64\release\g_rogue_newweap.obj
d:\steam\steamapps\common\quake 2\rerelease\basechurch\src\rerelease\x64\release\g_xatrix_func.obj
d:\steam\steamapps\common\quake 2\rerelease\basechurch\src\rerelease\x64\release\g_combat.obj
d:\steam\steamapps\common\quake 2\rerelease\basechurch\src\rerelease\x64\release\g_phys.obj
d:\steam\steamapps\common\quake 2\rerelease\basechurch\src\rerelease\x64\release\g_utils.obj
d:\steam\steamapps\common\quake 2\rerelease\basechurch\src\rerelease\x64\release\m_flyer.obj
d:\steam\steamapps\common\quake 2\rerelease\basechurch\src\rerelease\x64\release\m_shambler.obj
d:\steam\steamapps\common\quake 2\rerelease\basechurch\src\rerelease\x64\release\g_rogue_misc.obj
d:\steam\steamapps\common\quake 2\rerelease\basechurch\src\rerelease\x64\release\m_rogue_carrier.obj
d:\steam\steamapps\common\quake 2\rerelease\basechurch\src\rerelease\x64\release\g_xatrix_target.obj
d:\steam\steamapps\common\quake 2\rerelease\basechurch\src\rerelease\x64\release\bot_think.obj
d:\steam\steamapps\common\quake 2\rerelease\basechurch\src\rerelease\x64\release\g_monster.obj
d:\steam\steamapps\common\quake 2\rerelease\basechurch\src\rerelease\x64\release\m_boss3.obj
d:\steam\steamapps\common\quake 2\rerelease\basechurch\src\rerelease\x64\release\m_gunner.obj
d:\steam\steamapps\common\quake 2\rerelease\basechurch\src\rerelease\x64\release\p_client.obj
d:\steam\steamapps\common\quake 2\rerelease\basechurch\src\rerelease\x64\release\g_rogue_newfnc.obj
d:\steam\steamapps\common\quake 2\rerelease\basechurch\src\rerelease\x64\release\m_rogue_widow2.obj
d:\steam\steamapps\common\quake 2\rerelease\basechurch\src\rerelease\x64\release\vc143.pdb
d:\steam\steamapps\common\quake 2\rerelease\basechurch\src\game_x64.lib
d:\steam\steamapps\common\quake 2\rerelease\basechurch\src\game_x64.exp
d:\steam\steamapps\common\quake 2\rerelease\basechurch\src\game_x64.dll
d:\steam\steamapps\common\quake 2\rerelease\basechurch\src\rerelease\x64\release\game_x64.ipdb
d:\steam\steamapps\common\quake 2\rerelease\basechurch\src\game_x64.pdb
d:\steam\steamapps\common\quake 2\rerelease\basechurch\src\rerelease\x64\release\game_x64.iobj
d:\steam\steamapps\common\quake 2\rerelease\basechurch\src\rerelease\x64\release\game.tlog\cl.command.1.tlog
d:\steam\steamapps\common\quake 2\rerelease\basechurch\src\rerelease\x64\release\game.tlog\cl.items.tlog
d:\steam\steamapps\common\quake 2\rerelease\basechurch\src\rerelease\x64\release\game.tlog\cl.read.1.tlog
d:\steam\steamapps\common\quake 2\rerelease\basechurch\src\rerelease\x64\release\game.tlog\cl.write.1.tlog
d:\steam\steamapps\common\quake 2\rerelease\basechurch\src\rerelease\x64\release\game.tlog\link.command.1.tlog
d:\steam\steamapps\common\quake 2\rerelease\basechurch\src\rerelease\x64\release\game.tlog\link.read.1.tlog
d:\steam\steamapps\common\quake 2\rerelease\basechurch\src\rerelease\x64\release\game.tlog\link.write.1.tlog
d:\steam\steamapps\common\quake 2\rerelease\basechurch\src\rerelease\x64\release\game.tlog\link.write.2u.tlog
d:\steam\steamapps\common\quake 2\rerelease\basechurch\src\rerelease\x64\release\game.tlog\vcpkginstallmanifestx64-windows-static.read.1u.tlog
