d:\steam\steamapps\common\quake 2\rerelease\basechurch\src\rerelease\x64\debug\bot_think.obj
d:\steam\steamapps\common\quake 2\rerelease\basechurch\src\rerelease\x64\debug\g_phys.obj
d:\steam\steamapps\common\quake 2\rerelease\basechurch\src\rerelease\x64\debug\m_actor.obj
d:\steam\steamapps\common\quake 2\rerelease\basechurch\src\rerelease\x64\debug\m_guncmdr.obj
d:\steam\steamapps\common\quake 2\rerelease\basechurch\src\rerelease\x64\debug\m_tank.obj
d:\steam\steamapps\common\quake 2\rerelease\basechurch\src\rerelease\x64\debug\g_rogue_newai.obj
d:\steam\steamapps\common\quake 2\rerelease\basechurch\src\rerelease\x64\debug\g_xatrix_items.obj
d:\steam\steamapps\common\quake 2\rerelease\basechurch\src\rerelease\x64\debug\g_ai.obj
d:\steam\steamapps\common\quake 2\rerelease\basechurch\src\rerelease\x64\debug\g_trigger.obj
d:\steam\steamapps\common\quake 2\rerelease\basechurch\src\rerelease\x64\debug\m_boss32.obj
d:\steam\steamapps\common\quake 2\rerelease\basechurch\src\rerelease\x64\debug\m_insane.obj
d:\steam\steamapps\common\quake 2\rerelease\basechurch\src\rerelease\x64\debug\p_view.obj
d:\steam\steamapps\common\quake 2\rerelease\basechurch\src\rerelease\x64\debug\g_rogue_newfnc.obj
d:\steam\steamapps\common\quake 2\rerelease\basechurch\src\rerelease\x64\debug\m_rogue_widow.obj
d:\steam\steamapps\common\quake 2\rerelease\basechurch\src\rerelease\x64\debug\m_xatrix_gekk.obj
d:\steam\steamapps\common\quake 2\rerelease\basechurch\src\rerelease\x64\debug\g_cmds.obj
d:\steam\steamapps\common\quake 2\rerelease\basechurch\src\rerelease\x64\debug\g_turret.obj
d:\steam\steamapps\common\quake 2\rerelease\basechurch\src\rerelease\x64\debug\m_brain.obj
d:\steam\steamapps\common\quake 2\rerelease\basechurch\src\rerelease\x64\debug\m_medic.obj
d:\steam\steamapps\common\quake 2\rerelease\basechurch\src\rerelease\x64\debug\q_std.obj
d:\steam\steamapps\common\quake 2\rerelease\basechurch\src\rerelease\x64\debug\g_rogue_newtrig.obj
d:\steam\steamapps\common\quake 2\rerelease\basechurch\src\rerelease\x64\debug\m_rogue_widow2.obj
d:\steam\steamapps\common\quake 2\rerelease\basechurch\src\rerelease\x64\debug\g_func.obj
d:\steam\steamapps\common\quake 2\rerelease\basechurch\src\rerelease\x64\debug\g_target.obj
d:\steam\steamapps\common\quake 2\rerelease\basechurch\src\rerelease\x64\debug\m_float.obj
d:\steam\steamapps\common\quake 2\rerelease\basechurch\src\rerelease\x64\debug\m_parasite.obj
d:\steam\steamapps\common\quake 2\rerelease\basechurch\src\rerelease\x64\debug\g_rogue_func.obj
d:\steam\steamapps\common\quake 2\rerelease\basechurch\src\rerelease\x64\debug\g_rogue_phys.obj
d:\steam\steamapps\common\quake 2\rerelease\basechurch\src\rerelease\x64\debug\rogue_dm_ball.obj
d:\steam\steamapps\common\quake 2\rerelease\basechurch\src\rerelease\x64\debug\g_items.obj
d:\steam\steamapps\common\quake 2\rerelease\basechurch\src\rerelease\x64\debug\g_utils.obj
d:\steam\steamapps\common\quake 2\rerelease\basechurch\src\rerelease\x64\debug\m_boss3.obj
d:\steam\steamapps\common\quake 2\rerelease\basechurch\src\rerelease\x64\debug\m_hover.obj
d:\steam\steamapps\common\quake 2\rerelease\basechurch\src\rerelease\x64\debug\p_trail.obj
d:\steam\steamapps\common\quake 2\rerelease\basechurch\src\rerelease\x64\debug\g_rogue_newdm.obj
d:\steam\steamapps\common\quake 2\rerelease\basechurch\src\rerelease\x64\debug\m_rogue_turret.obj
d:\steam\steamapps\common\quake 2\rerelease\basechurch\src\rerelease\x64\debug\m_xatrix_fixbot.obj
d:\steam\steamapps\common\quake 2\rerelease\basechurch\src\rerelease\x64\debug\p_ctf_menu.obj
d:\steam\steamapps\common\quake 2\rerelease\basechurch\src\rerelease\x64\debug\g_spawn.obj
d:\steam\steamapps\common\quake 2\rerelease\basechurch\src\rerelease\x64\debug\m_flipper.obj
d:\steam\steamapps\common\quake 2\rerelease\basechurch\src\rerelease\x64\debug\m_mutant.obj
d:\steam\steamapps\common\quake 2\rerelease\basechurch\src\rerelease\x64\debug\g_rogue_combat.obj
d:\steam\steamapps\common\quake 2\rerelease\basechurch\src\rerelease\x64\debug\g_rogue_newtarg.obj
d:\steam\steamapps\common\quake 2\rerelease\basechurch\src\rerelease\x64\debug\g_xatrix_monster.obj
d:\steam\steamapps\common\quake 2\rerelease\basechurch\src\rerelease\x64\debug\bot_utils.obj
d:\steam\steamapps\common\quake 2\rerelease\basechurch\src\rerelease\x64\debug\g_svcmds.obj
d:\steam\steamapps\common\quake 2\rerelease\basechurch\src\rerelease\x64\debug\m_arachnid.obj
d:\steam\steamapps\common\quake 2\rerelease\basechurch\src\rerelease\x64\debug\m_gladiator.obj
d:\steam\steamapps\common\quake 2\rerelease\basechurch\src\rerelease\x64\debug\m_soldier.obj
d:\steam\steamapps\common\quake 2\rerelease\basechurch\src\rerelease\x64\debug\g_rogue_misc.obj
d:\steam\steamapps\common\quake 2\rerelease\basechurch\src\rerelease\x64\debug\m_rogue_carrier.obj
d:\steam\steamapps\common\quake 2\rerelease\basechurch\src\rerelease\x64\debug\g_xatrix_target.obj
d:\steam\steamapps\common\quake 2\rerelease\basechurch\src\rerelease\x64\debug\bot_exports.obj
d:\steam\steamapps\common\quake 2\rerelease\basechurch\src\rerelease\x64\debug\g_main.obj
d:\steam\steamapps\common\quake 2\rerelease\basechurch\src\rerelease\x64\debug\m_berserk.obj
d:\steam\steamapps\common\quake 2\rerelease\basechurch\src\rerelease\x64\debug\m_guardian.obj
d:\steam\steamapps\common\quake 2\rerelease\basechurch\src\rerelease\x64\debug\m_supertank.obj
d:\steam\steamapps\common\quake 2\rerelease\basechurch\src\rerelease\x64\debug\g_rogue_monster.obj
d:\steam\steamapps\common\quake 2\rerelease\basechurch\src\rerelease\x64\debug\m_rogue_stalker.obj
d:\steam\steamapps\common\quake 2\rerelease\basechurch\src\rerelease\x64\debug\g_xatrix_weapon.obj
d:\steam\steamapps\common\quake 2\rerelease\basechurch\src\rerelease\x64\debug\bot_debug.obj
d:\steam\steamapps\common\quake 2\rerelease\basechurch\src\rerelease\x64\debug\g_misc.obj
d:\steam\steamapps\common\quake 2\rerelease\basechurch\src\rerelease\x64\debug\m_boss31.obj
d:\steam\steamapps\common\quake 2\rerelease\basechurch\src\rerelease\x64\debug\m_infantry.obj
d:\steam\steamapps\common\quake 2\rerelease\basechurch\src\rerelease\x64\debug\p_hud.obj
d:\steam\steamapps\common\quake 2\rerelease\basechurch\src\rerelease\x64\debug\g_rogue_sphere.obj
d:\steam\steamapps\common\quake 2\rerelease\basechurch\src\rerelease\x64\debug\g_xatrix_misc.obj
d:\steam\steamapps\common\quake 2\rerelease\basechurch\src\rerelease\x64\debug\g_combat.obj
d:\steam\steamapps\common\quake 2\rerelease\basechurch\src\rerelease\x64\debug\g_save.obj
d:\steam\steamapps\common\quake 2\rerelease\basechurch\src\rerelease\x64\debug\m_flyer.obj
d:\steam\steamapps\common\quake 2\rerelease\basechurch\src\rerelease\x64\debug\m_shambler.obj
d:\steam\steamapps\common\quake 2\rerelease\basechurch\src\rerelease\x64\debug\g_rogue_items.obj
d:\steam\steamapps\common\quake 2\rerelease\basechurch\src\rerelease\x64\debug\g_rogue_utils.obj
d:\steam\steamapps\common\quake 2\rerelease\basechurch\src\rerelease\x64\debug\rogue_dm_tag.obj
d:\steam\steamapps\common\quake 2\rerelease\basechurch\src\rerelease\x64\debug\g_chase.obj
d:\steam\steamapps\common\quake 2\rerelease\basechurch\src\rerelease\x64\debug\g_monster.obj
d:\steam\steamapps\common\quake 2\rerelease\basechurch\src\rerelease\x64\debug\m_boss2.obj
d:\steam\steamapps\common\quake 2\rerelease\basechurch\src\rerelease\x64\debug\m_gunner.obj
d:\steam\steamapps\common\quake 2\rerelease\basechurch\src\rerelease\x64\debug\p_client.obj
d:\steam\steamapps\common\quake 2\rerelease\basechurch\src\rerelease\x64\debug\g_rogue_spawn.obj
d:\steam\steamapps\common\quake 2\rerelease\basechurch\src\rerelease\x64\debug\g_xatrix_func.obj
d:\steam\steamapps\common\quake 2\rerelease\basechurch\src\rerelease\x64\debug\g_ctf.obj
d:\steam\steamapps\common\quake 2\rerelease\basechurch\src\rerelease\x64\debug\g_weapon.obj
d:\steam\steamapps\common\quake 2\rerelease\basechurch\src\rerelease\x64\debug\m_chick.obj
d:\steam\steamapps\common\quake 2\rerelease\basechurch\src\rerelease\x64\debug\m_move.obj
d:\steam\steamapps\common\quake 2\rerelease\basechurch\src\rerelease\x64\debug\p_weapon.obj
d:\steam\steamapps\common\quake 2\rerelease\basechurch\src\rerelease\x64\debug\g_rogue_newweap.obj
d:\steam\steamapps\common\quake 2\rerelease\basechurch\src\rerelease\x64\debug\p_rogue_weapon.obj
d:\steam\steamapps\common\quake 2\rerelease\basechurch\src\rerelease\x64\debug\p_xatrix_weapon.obj
d:\steam\steamapps\common\quake 2\rerelease\basechurch\src\rerelease\x64\debug\p_move.obj
d:\steam\steamapps\common\quake 2\rerelease\basechurch\src\rerelease\x64\debug\cg_main.obj
d:\steam\steamapps\common\quake 2\rerelease\basechurch\src\rerelease\x64\debug\cg_screen.obj
d:\steam\steamapps\common\quake 2\rerelease\basechurch\src\rerelease\x64\debug\vc143.pdb
d:\steam\steamapps\common\quake 2\rerelease\basechurch\src\game_x64.lib
d:\steam\steamapps\common\quake 2\rerelease\basechurch\src\game_x64.exp
d:\steam\steamapps\common\quake 2\rerelease\basechurch\src\rerelease\x64\debug\game_x64.ilk
d:\steam\steamapps\common\quake 2\rerelease\basechurch\src\game_x64.dll
d:\steam\steamapps\common\quake 2\rerelease\basechurch\src\game_x64.pdb
d:\steam\steamapps\common\quake 2\rerelease\basechurch\src\rerelease\x64\debug\vc143.idb
d:\steam\steamapps\common\quake 2\rerelease\basechurch\src\rerelease\x64\debug\game.tlog\cl.command.1.tlog
d:\steam\steamapps\common\quake 2\rerelease\basechurch\src\rerelease\x64\debug\game.tlog\cl.items.tlog
d:\steam\steamapps\common\quake 2\rerelease\basechurch\src\rerelease\x64\debug\game.tlog\cl.read.1.tlog
d:\steam\steamapps\common\quake 2\rerelease\basechurch\src\rerelease\x64\debug\game.tlog\cl.write.1.tlog
d:\steam\steamapps\common\quake 2\rerelease\basechurch\src\rerelease\x64\debug\game.tlog\link.command.1.tlog
d:\steam\steamapps\common\quake 2\rerelease\basechurch\src\rerelease\x64\debug\game.tlog\link.read.1.tlog
d:\steam\steamapps\common\quake 2\rerelease\basechurch\src\rerelease\x64\debug\game.tlog\link.write.1.tlog
d:\steam\steamapps\common\quake 2\rerelease\basechurch\src\rerelease\x64\debug\game.tlog\link.write.2u.tlog
d:\steam\steamapps\common\quake 2\rerelease\basechurch\src\rerelease\x64\debug\game.tlog\../game_x64.ilk
