[1/8] "D:\Program Files\Microsoft Visual Studio\2022\Community\VC\Tools\MSVC\14.36.32532\bin\Hostx64\x86\cl.exe"   /TP -DJSON_DLL_BUILD -Djsoncpp_lib_EXPORTS -I"D:\Steam\steamapps\common\Quake 2\rerelease\baseChurch\src\rerelease\vcpkg_installed\vcpkg\blds\jsoncpp\src\3918c327b1-034a82149a.clean\include" -I"D:\Steam\steamapps\common\Quake 2\rerelease\baseChurch\src\rerelease\vcpkg_installed\vcpkg\blds\jsoncpp\src\3918c327b1-034a82149a.clean\src\lib_json\..\..\include" -I"D:\Steam\steamapps\common\Quake 2\rerelease\baseChurch\src\rerelease\vcpkg_installed\vcpkg\blds\jsoncpp\x86-windows-dbg\include\json" /nologo /DWIN32 /D_WINDOWS /W3 /utf-8 /GR /EHsc /MP  /D_DEBUG /MDd /Z7 /Ob0 /Od /RTC1  /W4 /showIncludes /Fosrc\lib_json\CMakeFiles\jsoncpp_lib.dir\json_value.cpp.obj /Fdsrc\lib_json\CMakeFiles\jsoncpp_lib.dir\ /FS -c "D:\Steam\steamapps\common\Quake 2\rerelease\baseChurch\src\rerelease\vcpkg_installed\vcpkg\blds\jsoncpp\src\3918c327b1-034a82149a.clean\src\lib_json\json_value.cpp"
cl : Command line warning D9025 : overriding '/W3' with '/W4'
D:\Steam\steamapps\common\Quake 2\rerelease\baseChurch\src\rerelease\vcpkg_installed\vcpkg\blds\jsoncpp\src\3918c327b1-034a82149a.clean\include\json/value.h(67): warning C4275: non dll-interface class 'std::exception' used as base for dll-interface class 'Json::Exception'
D:\Program Files\Microsoft Visual Studio\2022\Community\VC\Tools\MSVC\14.36.32532\include\exception(38): note: see declaration of 'std::exception'
D:\Steam\steamapps\common\Quake 2\rerelease\baseChurch\src\rerelease\vcpkg_installed\vcpkg\blds\jsoncpp\src\3918c327b1-034a82149a.clean\include\json/value.h(67): note: see declaration of 'Json::Exception'
[2/8] "D:\Program Files\Microsoft Visual Studio\2022\Community\VC\Tools\MSVC\14.36.32532\bin\Hostx64\x86\cl.exe"   /TP -DJSON_DLL_BUILD -Djsoncpp_lib_EXPORTS -I"D:\Steam\steamapps\common\Quake 2\rerelease\baseChurch\src\rerelease\vcpkg_installed\vcpkg\blds\jsoncpp\src\3918c327b1-034a82149a.clean\include" -I"D:\Steam\steamapps\common\Quake 2\rerelease\baseChurch\src\rerelease\vcpkg_installed\vcpkg\blds\jsoncpp\src\3918c327b1-034a82149a.clean\src\lib_json\..\..\include" -I"D:\Steam\steamapps\common\Quake 2\rerelease\baseChurch\src\rerelease\vcpkg_installed\vcpkg\blds\jsoncpp\x86-windows-dbg\include\json" /nologo /DWIN32 /D_WINDOWS /W3 /utf-8 /GR /EHsc /MP  /D_DEBUG /MDd /Z7 /Ob0 /Od /RTC1  /W4 /showIncludes /Fosrc\lib_json\CMakeFiles\jsoncpp_lib.dir\json_writer.cpp.obj /Fdsrc\lib_json\CMakeFiles\jsoncpp_lib.dir\ /FS -c "D:\Steam\steamapps\common\Quake 2\rerelease\baseChurch\src\rerelease\vcpkg_installed\vcpkg\blds\jsoncpp\src\3918c327b1-034a82149a.clean\src\lib_json\json_writer.cpp"
cl : Command line warning D9025 : overriding '/W3' with '/W4'
D:\Steam\steamapps\common\Quake 2\rerelease\baseChurch\src\rerelease\vcpkg_installed\vcpkg\blds\jsoncpp\src\3918c327b1-034a82149a.clean\include\json\value.h(67): warning C4275: non dll-interface class 'std::exception' used as base for dll-interface class 'Json::Exception'
D:\Program Files\Microsoft Visual Studio\2022\Community\VC\Tools\MSVC\14.36.32532\include\exception(38): note: see declaration of 'std::exception'
D:\Steam\steamapps\common\Quake 2\rerelease\baseChurch\src\rerelease\vcpkg_installed\vcpkg\blds\jsoncpp\src\3918c327b1-034a82149a.clean\include\json\value.h(67): note: see declaration of 'Json::Exception'
[3/8] "D:\Program Files\Microsoft Visual Studio\2022\Community\VC\Tools\MSVC\14.36.32532\bin\Hostx64\x86\cl.exe"   /TP -DJSON_DLL_BUILD -I"D:\Steam\steamapps\common\Quake 2\rerelease\baseChurch\src\rerelease\vcpkg_installed\vcpkg\blds\jsoncpp\src\3918c327b1-034a82149a.clean\include" -I"D:\Steam\steamapps\common\Quake 2\rerelease\baseChurch\src\rerelease\vcpkg_installed\vcpkg\blds\jsoncpp\src\3918c327b1-034a82149a.clean\src\lib_json\..\..\include" -I"D:\Steam\steamapps\common\Quake 2\rerelease\baseChurch\src\rerelease\vcpkg_installed\vcpkg\blds\jsoncpp\x86-windows-dbg\include\json" /nologo /DWIN32 /D_WINDOWS /W3 /utf-8 /GR /EHsc /MP  /D_DEBUG /MDd /Z7 /Ob0 /Od /RTC1  /W4 /showIncludes /Fosrc\lib_json\CMakeFiles\jsoncpp_object.dir\json_value.cpp.obj /Fdsrc\lib_json\CMakeFiles\jsoncpp_object.dir\ /FS -c "D:\Steam\steamapps\common\Quake 2\rerelease\baseChurch\src\rerelease\vcpkg_installed\vcpkg\blds\jsoncpp\src\3918c327b1-034a82149a.clean\src\lib_json\json_value.cpp"
cl : Command line warning D9025 : overriding '/W3' with '/W4'
D:\Steam\steamapps\common\Quake 2\rerelease\baseChurch\src\rerelease\vcpkg_installed\vcpkg\blds\jsoncpp\src\3918c327b1-034a82149a.clean\include\json/value.h(67): warning C4275: non dll-interface class 'std::exception' used as base for dll-interface class 'Json::Exception'
D:\Program Files\Microsoft Visual Studio\2022\Community\VC\Tools\MSVC\14.36.32532\include\exception(38): note: see declaration of 'std::exception'
D:\Steam\steamapps\common\Quake 2\rerelease\baseChurch\src\rerelease\vcpkg_installed\vcpkg\blds\jsoncpp\src\3918c327b1-034a82149a.clean\include\json/value.h(67): note: see declaration of 'Json::Exception'
[4/8] "D:\Program Files\Microsoft Visual Studio\2022\Community\VC\Tools\MSVC\14.36.32532\bin\Hostx64\x86\cl.exe"   /TP -DJSON_DLL_BUILD -I"D:\Steam\steamapps\common\Quake 2\rerelease\baseChurch\src\rerelease\vcpkg_installed\vcpkg\blds\jsoncpp\src\3918c327b1-034a82149a.clean\include" -I"D:\Steam\steamapps\common\Quake 2\rerelease\baseChurch\src\rerelease\vcpkg_installed\vcpkg\blds\jsoncpp\src\3918c327b1-034a82149a.clean\src\lib_json\..\..\include" -I"D:\Steam\steamapps\common\Quake 2\rerelease\baseChurch\src\rerelease\vcpkg_installed\vcpkg\blds\jsoncpp\x86-windows-dbg\include\json" /nologo /DWIN32 /D_WINDOWS /W3 /utf-8 /GR /EHsc /MP  /D_DEBUG /MDd /Z7 /Ob0 /Od /RTC1  /W4 /showIncludes /Fosrc\lib_json\CMakeFiles\jsoncpp_object.dir\json_reader.cpp.obj /Fdsrc\lib_json\CMakeFiles\jsoncpp_object.dir\ /FS -c "D:\Steam\steamapps\common\Quake 2\rerelease\baseChurch\src\rerelease\vcpkg_installed\vcpkg\blds\jsoncpp\src\3918c327b1-034a82149a.clean\src\lib_json\json_reader.cpp"
cl : Command line warning D9025 : overriding '/W3' with '/W4'
D:\Steam\steamapps\common\Quake 2\rerelease\baseChurch\src\rerelease\vcpkg_installed\vcpkg\blds\jsoncpp\src\3918c327b1-034a82149a.clean\include\json\value.h(67): warning C4275: non dll-interface class 'std::exception' used as base for dll-interface class 'Json::Exception'
D:\Program Files\Microsoft Visual Studio\2022\Community\VC\Tools\MSVC\14.36.32532\include\exception(38): note: see declaration of 'std::exception'
D:\Steam\steamapps\common\Quake 2\rerelease\baseChurch\src\rerelease\vcpkg_installed\vcpkg\blds\jsoncpp\src\3918c327b1-034a82149a.clean\include\json\value.h(67): note: see declaration of 'Json::Exception'
[5/8] "D:\Program Files\Microsoft Visual Studio\2022\Community\VC\Tools\MSVC\14.36.32532\bin\Hostx64\x86\cl.exe"   /TP -DJSON_DLL_BUILD -Djsoncpp_lib_EXPORTS -I"D:\Steam\steamapps\common\Quake 2\rerelease\baseChurch\src\rerelease\vcpkg_installed\vcpkg\blds\jsoncpp\src\3918c327b1-034a82149a.clean\include" -I"D:\Steam\steamapps\common\Quake 2\rerelease\baseChurch\src\rerelease\vcpkg_installed\vcpkg\blds\jsoncpp\src\3918c327b1-034a82149a.clean\src\lib_json\..\..\include" -I"D:\Steam\steamapps\common\Quake 2\rerelease\baseChurch\src\rerelease\vcpkg_installed\vcpkg\blds\jsoncpp\x86-windows-dbg\include\json" /nologo /DWIN32 /D_WINDOWS /W3 /utf-8 /GR /EHsc /MP  /D_DEBUG /MDd /Z7 /Ob0 /Od /RTC1  /W4 /showIncludes /Fosrc\lib_json\CMakeFiles\jsoncpp_lib.dir\json_reader.cpp.obj /Fdsrc\lib_json\CMakeFiles\jsoncpp_lib.dir\ /FS -c "D:\Steam\steamapps\common\Quake 2\rerelease\baseChurch\src\rerelease\vcpkg_installed\vcpkg\blds\jsoncpp\src\3918c327b1-034a82149a.clean\src\lib_json\json_reader.cpp"
cl : Command line warning D9025 : overriding '/W3' with '/W4'
D:\Steam\steamapps\common\Quake 2\rerelease\baseChurch\src\rerelease\vcpkg_installed\vcpkg\blds\jsoncpp\src\3918c327b1-034a82149a.clean\include\json\value.h(67): warning C4275: non dll-interface class 'std::exception' used as base for dll-interface class 'Json::Exception'
D:\Program Files\Microsoft Visual Studio\2022\Community\VC\Tools\MSVC\14.36.32532\include\exception(38): note: see declaration of 'std::exception'
D:\Steam\steamapps\common\Quake 2\rerelease\baseChurch\src\rerelease\vcpkg_installed\vcpkg\blds\jsoncpp\src\3918c327b1-034a82149a.clean\include\json\value.h(67): note: see declaration of 'Json::Exception'
[6/8] "D:\Program Files\Microsoft Visual Studio\2022\Community\VC\Tools\MSVC\14.36.32532\bin\Hostx64\x86\cl.exe"   /TP -DJSON_DLL_BUILD -I"D:\Steam\steamapps\common\Quake 2\rerelease\baseChurch\src\rerelease\vcpkg_installed\vcpkg\blds\jsoncpp\src\3918c327b1-034a82149a.clean\include" -I"D:\Steam\steamapps\common\Quake 2\rerelease\baseChurch\src\rerelease\vcpkg_installed\vcpkg\blds\jsoncpp\src\3918c327b1-034a82149a.clean\src\lib_json\..\..\include" -I"D:\Steam\steamapps\common\Quake 2\rerelease\baseChurch\src\rerelease\vcpkg_installed\vcpkg\blds\jsoncpp\x86-windows-dbg\include\json" /nologo /DWIN32 /D_WINDOWS /W3 /utf-8 /GR /EHsc /MP  /D_DEBUG /MDd /Z7 /Ob0 /Od /RTC1  /W4 /showIncludes /Fosrc\lib_json\CMakeFiles\jsoncpp_object.dir\json_writer.cpp.obj /Fdsrc\lib_json\CMakeFiles\jsoncpp_object.dir\ /FS -c "D:\Steam\steamapps\common\Quake 2\rerelease\baseChurch\src\rerelease\vcpkg_installed\vcpkg\blds\jsoncpp\src\3918c327b1-034a82149a.clean\src\lib_json\json_writer.cpp"
cl : Command line warning D9025 : overriding '/W3' with '/W4'
D:\Steam\steamapps\common\Quake 2\rerelease\baseChurch\src\rerelease\vcpkg_installed\vcpkg\blds\jsoncpp\src\3918c327b1-034a82149a.clean\include\json\value.h(67): warning C4275: non dll-interface class 'std::exception' used as base for dll-interface class 'Json::Exception'
D:\Program Files\Microsoft Visual Studio\2022\Community\VC\Tools\MSVC\14.36.32532\include\exception(38): note: see declaration of 'std::exception'
D:\Steam\steamapps\common\Quake 2\rerelease\baseChurch\src\rerelease\vcpkg_installed\vcpkg\blds\jsoncpp\src\3918c327b1-034a82149a.clean\include\json\value.h(67): note: see declaration of 'Json::Exception'
[7/8] cmd.exe /C "cd . && C:\Users\Vaggelis\AppData\Local\vcpkg\downloads\tools\cmake-3.25.1-windows\cmake-3.25.1-windows-i386\bin\cmake.exe -E vs_link_dll --intdir=src\lib_json\CMakeFiles\jsoncpp_lib.dir --rc=C:\PROGRA~2\WI3CF2~1\10\bin\100220~1.0\x64\rc.exe --mt=C:\PROGRA~2\WI3CF2~1\10\bin\100220~1.0\x64\mt.exe --manifests  -- "D:\Program Files\Microsoft Visual Studio\2022\Community\VC\Tools\MSVC\14.36.32532\bin\Hostx64\x86\link.exe"  src\lib_json\CMakeFiles\jsoncpp_lib.dir\json_reader.cpp.obj src\lib_json\CMakeFiles\jsoncpp_lib.dir\json_value.cpp.obj src\lib_json\CMakeFiles\jsoncpp_lib.dir\json_writer.cpp.obj  /out:bin\jsoncpp.dll /implib:lib\jsoncpp.lib /pdb:bin\jsoncpp.pdb /dll /version:1.9 /-- Install configuration: "Debug"
-- Installing: D:/Steam/steamapps/common/Quake 2/rerelease/baseChurch/src/rerelease/vcpkg_installed/vcpkg/pkgs/jsoncpp_x86-windows/debug/lib/cmake/jsoncpp/jsoncppConfig.cmake
-- Installing: D:/Steam/steamapps/common/Quake 2/rerelease/baseChurch/src/rerelease/vcpkg_installed/vcpkg/pkgs/jsoncpp_x86-windows/debug/lib/cmake/jsoncpp/jsoncppConfig-debug.cmake
-- Installing: D:/Steam/steamapps/common/Quake 2/rerelease/baseChurch/src/rerelease/vcpkg_installed/vcpkg/pkgs/jsoncpp_x86-windows/debug/lib/cmake/jsoncpp/jsoncppConfigVersion.cmake
-- Installing: D:/Steam/steamapps/common/Quake 2/rerelease/baseChurch/src/rerelease/vcpkg_installed/vcpkg/pkgs/jsoncpp_x86-windows/debug/lib/jsoncpp.lib
-- Installing: D:/Steam/steamapps/common/Quake 2/rerelease/baseChurch/src/rerelease/vcpkg_installed/vcpkg/pkgs/jsoncpp_x86-windows/debug/bin/jsoncpp.dll
-- Installing: D:/Steam/steamapps/common/Quake 2/rerelease/baseChurch/src/rerelease/vcpkg_installed/vcpkg/pkgs/jsoncpp_x86-windows/debug/lib/objects-Debug/jsoncpp_object/json_reader.cpp.obj
-- Installing: D:/Steam/steamapps/common/Quake 2/rerelease/baseChurch/src/rerelease/vcpkg_installed/vcpkg/pkgs/jsoncpp_x86-windows/debug/lib/objects-Debug/jsoncpp_object/json_value.cpp.obj
-- Installing: D:/Steam/steamapps/common/Quake 2/rerelease/baseChurch/src/rerelease/vcpkg_installed/vcpkg/pkgs/jsoncpp_x86-windows/debug/lib/objects-Debug/jsoncpp_object/json_writer.cpp.obj
-- Installing: D:/Steam/steamapps/common/Quake 2/rerelease/baseChurch/src/rerelease/vcpkg_installed/vcpkg/pkgs/jsoncpp_x86-windows/debug/include/json/allocator.h
-- Installing: D:/Steam/steamapps/common/Quake 2/rerelease/baseChurch/src/rerelease/vcpkg_installed/vcpkg/pkgs/jsoncpp_x86-windows/debug/include/json/assertions.h
-- Installing: D:/Steam/steamapps/common/Quake 2/rerelease/baseChurch/src/rerelease/vcpkg_installed/vcpkg/pkgs/jsoncpp_x86-windows/debug/include/json/config.h
-- Installing: D:/Steam/steamapps/common/Quake 2/rerelease/baseChurch/src/rerelease/vcpkg_installed/vcpkg/pkgs/jsoncpp_x86-windows/debug/include/json/forwards.h
-- Installing: D:/Steam/steamapps/common/Quake 2/rerelease/baseChurch/src/rerelease/vcpkg_installed/vcpkg/pkgs/jsoncpp_x86-windows/debug/include/json/json.h
-- Installing: D:/Steam/steamapps/common/Quake 2/rerelease/baseChurch/src/rerelease/vcpkg_installed/vcpkg/pkgs/jsoncpp_x86-windows/debug/include/json/json_features.h
-- Installing: D:/Steam/steamapps/common/Quake 2/rerelease/baseChurch/src/rerelease/vcpkg_installed/vcpkg/pkgs/jsoncpp_x86-windows/debug/include/json/reader.h
-- Installing: D:/Steam/steamapps/common/Quake 2/rerelease/baseChurch/src/rerelease/vcpkg_installed/vcpkg/pkgs/jsoncpp_x86-windows/debug/include/json/value.h
-- Installing: D:/Steam/steamapps/common/Quake 2/rerelease/baseChurch/src/rerelease/vcpkg_installed/vcpkg/pkgs/jsoncpp_x86-windows/debug/include/json/version.h
-- Installing: D:/Steam/steamapps/common/Quake 2/rerelease/baseChurch/src/rerelease/vcpkg_installed/vcpkg/pkgs/jsoncpp_x86-windows/debug/include/json/writer.h
machine:X86 /nologo    /debug /INCREMENTAL  kernel32.lib user32.lib gdi32.lib winspool.lib shell32.lib ole32.lib oleaut32.lib uuid.lib comdlg32.lib advapi32.lib  && cd ."
[7/8] cmd.exe /C "cd /D "D:\Steam\steamapps\common\Quake 2\rerelease\baseChurch\src\rerelease\vcpkg_installed\vcpkg\blds\jsoncpp\x86-windows-dbg" && C:\Users\Vaggelis\AppData\Local\vcpkg\downloads\tools\cmake-3.25.1-windows\cmake-3.25.1-windows-i386\bin\cmake.exe -P cmake_install.cmake"
