The target system is: Windows - 10.0.19045 - AMD64
The host system is: Windows - 10.0.19045 - AMD64
Compiling the CXX compiler identification source file "CMakeCXXCompilerId.cpp" succeeded.
Compiler: D:/Program Files/Microsoft Visual Studio/2022/Community/VC/Tools/MSVC/14.36.32532/bin/Hostx64/x64/cl.exe 
Build flags: ;/nologo;/DWIN32;/D_WINDOWS;/W3;/utf-8;/GR;/EHsc;/MP;
Id flags:  

The output was:
0
CMakeCXXCompilerId.cpp


Compilation of the CXX compiler identification source "CMakeCXXCompilerId.cpp" produced "CMakeCXXCompilerId.exe"

Compilation of the CXX compiler identification source "CMakeCXXCompilerId.cpp" produced "CMakeCXXCompilerId.obj"

The CXX compiler identification is MSVC, found in "D:/Steam/steamapps/common/Quake 2/rerelease/baseChurch/src/rerelease/vcpkg_installed/x64-windows-static/vcpkg/blds/fmt/x64-windows-static-dbg/CMakeFiles/3.25.1/CompilerIdCXX/CMakeCXXCompilerId.exe"

Detecting CXX compiler ABI info compiled with the following output:
Change Dir: D:/Steam/steamapps/common/Quake 2/rerelease/baseChurch/src/rerelease/vcpkg_installed/x64-windows-static/vcpkg/blds/fmt/x64-windows-static-dbg/CMakeFiles/CMakeScratch/TryCompile-ul9bf3

Run Build Command(s):D:/Program Files/Microsoft Visual Studio/2022/Community/Common7/IDE/CommonExtensions/Microsoft/CMake/Ninja/ninja.exe cmTC_9d59a && [1/2] Building CXX object CMakeFiles\cmTC_9d59a.dir\CMakeCXXCompilerABI.cpp.obj
[2/2] Linking CXX executable cmTC_9d59a.exe



Performing C++ SOURCE FILE Test SUPPORTS_USER_DEFINED_LITERALS succeeded with the following output:
Change Dir: D:/Steam/steamapps/common/Quake 2/rerelease/baseChurch/src/rerelease/vcpkg_installed/x64-windows-static/vcpkg/blds/fmt/x64-windows-static-dbg/CMakeFiles/CMakeScratch/TryCompile-b8dg9h

Run Build Command(s):D:/Program Files/Microsoft Visual Studio/2022/Community/Common7/IDE/CommonExtensions/Microsoft/CMake/Ninja/ninja.exe cmTC_dc98a && [1/2] Building CXX object CMakeFiles\cmTC_dc98a.dir\src.cxx.obj
[2/2] Linking CXX executable cmTC_dc98a.exe


Source file was:

  void operator"" _udl(long double);
  int main() {}

Performing C++ SOURCE FILE Test FMT_HAS_VARIANT succeeded with the following output:
Change Dir: D:/Steam/steamapps/common/Quake 2/rerelease/baseChurch/src/rerelease/vcpkg_installed/x64-windows-static/vcpkg/blds/fmt/x64-windows-static-dbg/CMakeFiles/CMakeScratch/TryCompile-6wh523

Run Build Command(s):D:/Program Files/Microsoft Visual Studio/2022/Community/Common7/IDE/CommonExtensions/Microsoft/CMake/Ninja/ninja.exe cmTC_0edf4 && [1/2] Building CXX object CMakeFiles\cmTC_0edf4.dir\src.cxx.obj
cl : Command line warning D9002 : ignoring unknown option '-std=c++1z'
D:\Program Files\Microsoft Visual Studio\2022\Community\VC\Tools\MSVC\14.36.32532\include\variant(13): warning STL4038: The contents of <variant> are available only with C++17 or later.
[2/2] Linking CXX executable cmTC_0edf4.exe


Source file was:

  #include <variant>
  int main() {}

Determining if the _strtod_l exist passed with the following output:
Change Dir: D:/Steam/steamapps/common/Quake 2/rerelease/baseChurch/src/rerelease/vcpkg_installed/x64-windows-static/vcpkg/blds/fmt/x64-windows-static-dbg/CMakeFiles/CMakeScratch/TryCompile-fgfr4y

Run Build Command(s):D:/Program Files/Microsoft Visual Studio/2022/Community/Common7/IDE/CommonExtensions/Microsoft/CMake/Ninja/ninja.exe cmTC_09300 && [1/2] Building CXX object CMakeFiles\cmTC_09300.dir\CheckSymbolExists.cxx.obj
[2/2] Linking CXX executable cmTC_09300.exe


File CheckSymbolExists.cxx:
/* */
#include <stdlib.h>

int main(int argc, char** argv)
{
  (void)argv;
#ifndef _strtod_l
  return ((int*)(&_strtod_l))[argc];
#else
  (void)argc;
  return 0;
#endif
}
