The target system is: Windows - 10.0.19045 - x86
The host system is: Windows - 10.0.19045 - AMD64
Compiling the CXX compiler identification source file "CMakeCXXCompilerId.cpp" succeeded.
Compiler: D:/Program Files/Microsoft Visual Studio/2022/Community/VC/Tools/MSVC/14.36.32532/bin/Hostx64/x86/cl.exe 
Build flags: ;/nologo;/DWIN32;/D_WINDOWS;/W3;/utf-8;/GR;/EHsc;/MP;
Id flags:  

The output was:
0
CMakeCXXCompilerId.cpp


Compilation of the CXX compiler identification source "CMakeCXXCompilerId.cpp" produced "CMakeCXXCompilerId.exe"

Compilation of the CXX compiler identification source "CMakeCXXCompilerId.cpp" produced "CMakeCXXCompilerId.obj"

The CXX compiler identification is MSVC, found in "D:/Steam/steamapps/common/Quake 2/rerelease/baseChurch/src/rerelease/vcpkg_installed/vcpkg/blds/jsoncpp/x86-windows-dbg/CMakeFiles/3.25.1/CompilerIdCXX/CMakeCXXCompilerId.exe"

Detecting CXX compiler ABI info compiled with the following output:
Change Dir: D:/Steam/steamapps/common/Quake 2/rerelease/baseChurch/src/rerelease/vcpkg_installed/vcpkg/blds/jsoncpp/x86-windows-dbg/CMakeFiles/CMakeScratch/TryCompile-mzb025

Run Build Command(s):D:/Program Files/Microsoft Visual Studio/2022/Community/Common7/IDE/CommonExtensions/Microsoft/CMake/Ninja/ninja.exe cmTC_6e65e && [1/2] Building CXX object CMakeFiles\cmTC_6e65e.dir\CMakeCXXCompilerABI.cpp.obj
[2/2] Linking CXX executable cmTC_6e65e.exe



Determining if the include file clocale exists passed with the following output:
Change Dir: D:/Steam/steamapps/common/Quake 2/rerelease/baseChurch/src/rerelease/vcpkg_installed/vcpkg/blds/jsoncpp/x86-windows-dbg/CMakeFiles/CMakeScratch/TryCompile-zvbu1e

Run Build Command(s):D:/Program Files/Microsoft Visual Studio/2022/Community/Common7/IDE/CommonExtensions/Microsoft/CMake/Ninja/ninja.exe cmTC_837f6 && [1/2] Building CXX object CMakeFiles\cmTC_837f6.dir\CheckIncludeFile.cxx.obj
[2/2] Linking CXX executable cmTC_837f6.exe



Determining if the localeconv exist passed with the following output:
Change Dir: D:/Steam/steamapps/common/Quake 2/rerelease/baseChurch/src/rerelease/vcpkg_installed/vcpkg/blds/jsoncpp/x86-windows-dbg/CMakeFiles/CMakeScratch/TryCompile-avpgi4

Run Build Command(s):D:/Program Files/Microsoft Visual Studio/2022/Community/Common7/IDE/CommonExtensions/Microsoft/CMake/Ninja/ninja.exe cmTC_55ddf && [1/2] Building CXX object CMakeFiles\cmTC_55ddf.dir\CheckSymbolExists.cxx.obj
[2/2] Linking CXX executable cmTC_55ddf.exe


File CheckSymbolExists.cxx:
/* */
#include <clocale>

int main(int argc, char** argv)
{
  (void)argv;
#ifndef localeconv
  return ((int*)(&localeconv))[argc];
#else
  (void)argc;
  return 0;
#endif
}
Determining if the include file sys/types.h exists passed with the following output:
Change Dir: D:/Steam/steamapps/common/Quake 2/rerelease/baseChurch/src/rerelease/vcpkg_installed/vcpkg/blds/jsoncpp/x86-windows-dbg/CMakeFiles/CMakeScratch/TryCompile-srqf4v

Run Build Command(s):D:/Program Files/Microsoft Visual Studio/2022/Community/Common7/IDE/CommonExtensions/Microsoft/CMake/Ninja/ninja.exe cmTC_f47f3 && [1/2] Building CXX object CMakeFiles\cmTC_f47f3.dir\CheckIncludeFile.cxx.obj
[2/2] Linking CXX executable cmTC_f47f3.exe



Determining if the include file stdint.h exists passed with the following output:
Change Dir: D:/Steam/steamapps/common/Quake 2/rerelease/baseChurch/src/rerelease/vcpkg_installed/vcpkg/blds/jsoncpp/x86-windows-dbg/CMakeFiles/CMakeScratch/TryCompile-c3mtq4

Run Build Command(s):D:/Program Files/Microsoft Visual Studio/2022/Community/Common7/IDE/CommonExtensions/Microsoft/CMake/Ninja/ninja.exe cmTC_6455a && [1/2] Building CXX object CMakeFiles\cmTC_6455a.dir\CheckIncludeFile.cxx.obj
[2/2] Linking CXX executable cmTC_6455a.exe



Determining if the include file stddef.h exists passed with the following output:
Change Dir: D:/Steam/steamapps/common/Quake 2/rerelease/baseChurch/src/rerelease/vcpkg_installed/vcpkg/blds/jsoncpp/x86-windows-dbg/CMakeFiles/CMakeScratch/TryCompile-duxs1x

Run Build Command(s):D:/Program Files/Microsoft Visual Studio/2022/Community/Common7/IDE/CommonExtensions/Microsoft/CMake/Ninja/ninja.exe cmTC_ceb51 && [1/2] Building CXX object CMakeFiles\cmTC_ceb51.dir\CheckIncludeFile.cxx.obj
[2/2] Linking CXX executable cmTC_ceb51.exe



Determining size of lconv passed with the following output:
Change Dir: D:/Steam/steamapps/common/Quake 2/rerelease/baseChurch/src/rerelease/vcpkg_installed/vcpkg/blds/jsoncpp/x86-windows-dbg/CMakeFiles/CMakeScratch/TryCompile-ayndqn

Run Build Command(s):D:/Program Files/Microsoft Visual Studio/2022/Community/Common7/IDE/CommonExtensions/Microsoft/CMake/Ninja/ninja.exe cmTC_8da78 && [1/2] Building CXX object CMakeFiles\cmTC_8da78.dir\LCONV_SIZE.cpp.obj
[2/2] Linking CXX executable cmTC_8da78.exe



Performing C++ SOURCE FILE Test HAVE_DECIMAL_POINT succeeded with the following output:
Change Dir: D:/Steam/steamapps/common/Quake 2/rerelease/baseChurch/src/rerelease/vcpkg_installed/vcpkg/blds/jsoncpp/x86-windows-dbg/CMakeFiles/CMakeScratch/TryCompile-7wyl03

Run Build Command(s):D:/Program Files/Microsoft Visual Studio/2022/Community/Common7/IDE/CommonExtensions/Microsoft/CMake/Ninja/ninja.exe cmTC_4722c && [1/2] Building CXX object CMakeFiles\cmTC_4722c.dir\src.cxx.obj
[2/2] Linking CXX executable cmTC_4722c.exe


Source file was:

#include <clocale>

int main()
{
  (void)sizeof(((lconv *)0)->decimal_point);
  return 0;
}


