The target system is: Windows - 10.0.19045 - AMD64
The host system is: Windows - 10.0.19045 - AMD64
Compiling the CXX compiler identification source file "CMakeCXXCompilerId.cpp" succeeded.
Compiler: D:/Program Files/Microsoft Visual Studio/2022/Community/VC/Tools/MSVC/14.36.32532/bin/Hostx64/x64/cl.exe 
Build flags: ;/nologo;/DWIN32;/D_WINDOWS;/W3;/utf-8;/GR;/EHsc;/MP;
Id flags:  

The output was:
0
CMakeCXXCompilerId.cpp


Compilation of the CXX compiler identification source "CMakeCXXCompilerId.cpp" produced "CMakeCXXCompilerId.exe"

Compilation of the CXX compiler identification source "CMakeCXXCompilerId.cpp" produced "CMakeCXXCompilerId.obj"

The CXX compiler identification is MSVC, found in "D:/Steam/steamapps/common/Quake 2/rerelease/baseChurch/src/rerelease/vcpkg_installed/x64-windows-static/vcpkg/blds/jsoncpp/x64-windows-static-dbg/CMakeFiles/3.25.1/CompilerIdCXX/CMakeCXXCompilerId.exe"

Detecting CXX compiler ABI info compiled with the following output:
Change Dir: D:/Steam/steamapps/common/Quake 2/rerelease/baseChurch/src/rerelease/vcpkg_installed/x64-windows-static/vcpkg/blds/jsoncpp/x64-windows-static-dbg/CMakeFiles/CMakeScratch/TryCompile-wp79hc

Run Build Command(s):D:/Program Files/Microsoft Visual Studio/2022/Community/Common7/IDE/CommonExtensions/Microsoft/CMake/Ninja/ninja.exe cmTC_96c70 && [1/2] Building CXX object CMakeFiles\cmTC_96c70.dir\CMakeCXXCompilerABI.cpp.obj
[2/2] Linking CXX executable cmTC_96c70.exe



Determining if the include file clocale exists passed with the following output:
Change Dir: D:/Steam/steamapps/common/Quake 2/rerelease/baseChurch/src/rerelease/vcpkg_installed/x64-windows-static/vcpkg/blds/jsoncpp/x64-windows-static-dbg/CMakeFiles/CMakeScratch/TryCompile-8lzllh

Run Build Command(s):D:/Program Files/Microsoft Visual Studio/2022/Community/Common7/IDE/CommonExtensions/Microsoft/CMake/Ninja/ninja.exe cmTC_cf9d0 && [1/2] Building CXX object CMakeFiles\cmTC_cf9d0.dir\CheckIncludeFile.cxx.obj
[2/2] Linking CXX executable cmTC_cf9d0.exe



Determining if the localeconv exist passed with the following output:
Change Dir: D:/Steam/steamapps/common/Quake 2/rerelease/baseChurch/src/rerelease/vcpkg_installed/x64-windows-static/vcpkg/blds/jsoncpp/x64-windows-static-dbg/CMakeFiles/CMakeScratch/TryCompile-0e92wv

Run Build Command(s):D:/Program Files/Microsoft Visual Studio/2022/Community/Common7/IDE/CommonExtensions/Microsoft/CMake/Ninja/ninja.exe cmTC_768c8 && [1/2] Building CXX object CMakeFiles\cmTC_768c8.dir\CheckSymbolExists.cxx.obj
[2/2] Linking CXX executable cmTC_768c8.exe


File CheckSymbolExists.cxx:
/* */
#include <clocale>

int main(int argc, char** argv)
{
  (void)argv;
#ifndef localeconv
  return ((int*)(&localeconv))[argc];
#else
  (void)argc;
  return 0;
#endif
}
Determining if the include file sys/types.h exists passed with the following output:
Change Dir: D:/Steam/steamapps/common/Quake 2/rerelease/baseChurch/src/rerelease/vcpkg_installed/x64-windows-static/vcpkg/blds/jsoncpp/x64-windows-static-dbg/CMakeFiles/CMakeScratch/TryCompile-h2ra9l

Run Build Command(s):D:/Program Files/Microsoft Visual Studio/2022/Community/Common7/IDE/CommonExtensions/Microsoft/CMake/Ninja/ninja.exe cmTC_dd2d2 && [1/2] Building CXX object CMakeFiles\cmTC_dd2d2.dir\CheckIncludeFile.cxx.obj
[2/2] Linking CXX executable cmTC_dd2d2.exe



Determining if the include file stdint.h exists passed with the following output:
Change Dir: D:/Steam/steamapps/common/Quake 2/rerelease/baseChurch/src/rerelease/vcpkg_installed/x64-windows-static/vcpkg/blds/jsoncpp/x64-windows-static-dbg/CMakeFiles/CMakeScratch/TryCompile-7hrhit

Run Build Command(s):D:/Program Files/Microsoft Visual Studio/2022/Community/Common7/IDE/CommonExtensions/Microsoft/CMake/Ninja/ninja.exe cmTC_bbb95 && [1/2] Building CXX object CMakeFiles\cmTC_bbb95.dir\CheckIncludeFile.cxx.obj
[2/2] Linking CXX executable cmTC_bbb95.exe



Determining if the include file stddef.h exists passed with the following output:
Change Dir: D:/Steam/steamapps/common/Quake 2/rerelease/baseChurch/src/rerelease/vcpkg_installed/x64-windows-static/vcpkg/blds/jsoncpp/x64-windows-static-dbg/CMakeFiles/CMakeScratch/TryCompile-5nsz0u

Run Build Command(s):D:/Program Files/Microsoft Visual Studio/2022/Community/Common7/IDE/CommonExtensions/Microsoft/CMake/Ninja/ninja.exe cmTC_d6dbd && [1/2] Building CXX object CMakeFiles\cmTC_d6dbd.dir\CheckIncludeFile.cxx.obj
[2/2] Linking CXX executable cmTC_d6dbd.exe



Determining size of lconv passed with the following output:
Change Dir: D:/Steam/steamapps/common/Quake 2/rerelease/baseChurch/src/rerelease/vcpkg_installed/x64-windows-static/vcpkg/blds/jsoncpp/x64-windows-static-dbg/CMakeFiles/CMakeScratch/TryCompile-ipouvq

Run Build Command(s):D:/Program Files/Microsoft Visual Studio/2022/Community/Common7/IDE/CommonExtensions/Microsoft/CMake/Ninja/ninja.exe cmTC_3bd33 && [1/2] Building CXX object CMakeFiles\cmTC_3bd33.dir\LCONV_SIZE.cpp.obj
[2/2] Linking CXX executable cmTC_3bd33.exe



Performing C++ SOURCE FILE Test HAVE_DECIMAL_POINT succeeded with the following output:
Change Dir: D:/Steam/steamapps/common/Quake 2/rerelease/baseChurch/src/rerelease/vcpkg_installed/x64-windows-static/vcpkg/blds/jsoncpp/x64-windows-static-dbg/CMakeFiles/CMakeScratch/TryCompile-erz5rv

Run Build Command(s):D:/Program Files/Microsoft Visual Studio/2022/Community/Common7/IDE/CommonExtensions/Microsoft/CMake/Ninja/ninja.exe cmTC_f9158 && [1/2] Building CXX object CMakeFiles\cmTC_f9158.dir\src.cxx.obj
[2/2] Linking CXX executable cmTC_f9158.exe


Source file was:

#include <clocale>

int main()
{
  (void)sizeof(((lconv *)0)->decimal_point);
  return 0;
}


