[1/4] "D:\Program Files\Microsoft Visual Studio\2022\Community\VC\Tools\MSVC\14.36.32532\bin\Hostx64\x64\cl.exe"   /TP -DFMT_LOCALE -I"D:\Steam\steamapps\common\Quake 2\rerelease\baseChurch\src\rerelease\vcpkg_installed\x64-windows-static\vcpkg\blds\fmt\src\2b3b374f0b-8ea71ee8ea.clean\include" /nologo /DWIN32 /D_WINDOWS /W3 /utf-8 /GR /EHsc /MP  /MT /O2 /Oi /Gy /DNDEBUG /Z7  -MT /showIncludes /FoCMakeFiles\fmt.dir\src\os.cc.obj /FdCMakeFiles\fmt.dir\fmt.pdb /FS -c "D:\Steam\steamapps\common\Quake 2\rerelease\baseChurch\src\rerelease\vcpkg_installed\x64-windows-static\vcpkg\blds\fmt\src\2b3b374f0b-8ea71ee8ea.clean\src\os.cc"
[2/4] "D:\Program Files\Microsoft Visual Studio\2022\Community\VC\Tools\MSVC\14.36.32532\bin\Hostx64\x64\cl.exe"   /TP -DFMT_LOCALE -I"D:\Steam\steamapps\common\Quake 2\rerelease\baseChurch\src\rerelease\vcpkg_installed\x64-windows-static\vcpkg\blds\fmt\src\2b3b374f0b-8ea71ee8ea.clean\include" /nologo /DWIN32 /D_WINDOWS /W3 /utf-8 /GR /EHsc /MP  /MT /O2 /Oi /Gy /DNDEBUG /Z7  -MT /showIncludes /FoCMakeFiles\fmt.dir\src\format.cc.obj /FdCMakeFiles\fmt.dir\fmt.pdb /FS -c "D:\Steam\steamapps\common\Quake 2\rerelease\baseChurch\src\rerelease\vcpkg_installed\x64-windows-static\vcpkg\blds\fmt\src\2b3b374f0b-8ea71ee8ea.clean\src\format.cc"
[3/4] cmd.exe /C "cd . && "D:\Program Files\Microsoft Visual Studio\2022\Community\VC\Tools\MSVC\14.36.32532\bin\Hostx64\x64\lib.exe"  /machine:x64 /nologo /out:fmt.lib CMakeFiles\fmt.dir\src\format.cc.obj CMakeFiles\fmt.dir\src\os.cc.obj  && cd ."
[3/4] cmd.exe /-- Install configuration: "Release"
-- Installing: D:/Steam/steamapps/common/Quake 2/rerelease/baseChurch/src/rerelease/vcpkg_installed/x64-windows-static/vcpkg/pkgs/fmt_x64-windows-static/share/fmt/fmt-config.cmake
-- Installing: D:/Steam/steamapps/common/Quake 2/rerelease/baseChurch/src/rerelease/vcpkg_installed/x64-windows-static/vcpkg/pkgs/fmt_x64-windows-static/share/fmt/fmt-config-version.cmake
-- Installing: D:/Steam/steamapps/common/Quake 2/rerelease/baseChurch/src/rerelease/vcpkg_installed/x64-windows-static/vcpkg/pkgs/fmt_x64-windows-static/share/fmt/fmt-targets.cmake
-- Installing: D:/Steam/steamapps/common/Quake 2/rerelease/baseChurch/src/rerelease/vcpkg_installed/x64-windows-static/vcpkg/pkgs/fmt_x64-windows-static/share/fmt/fmt-targets-release.cmake
-- Installing: D:/Steam/steamapps/common/Quake 2/rerelease/baseChurch/src/rerelease/vcpkg_installed/x64-windows-static/vcpkg/pkgs/fmt_x64-windows-static/lib/fmt.lib
-- Installing: D:/Steam/steamapps/common/Quake 2/rerelease/baseChurch/src/rerelease/vcpkg_installed/x64-windows-static/vcpkg/pkgs/fmt_x64-windows-static/include/fmt/chrono.h
-- Installing: D:/Steam/steamapps/common/Quake 2/rerelease/baseChurch/src/rerelease/vcpkg_installed/x64-windows-static/vcpkg/pkgs/fmt_x64-windows-static/include/fmt/color.h
-- Installing: D:/Steam/steamapps/common/Quake 2/rerelease/baseChurch/src/rerelease/vcpkg_installed/x64-windows-static/vcpkg/pkgs/fmt_x64-windows-static/include/fmt/compile.h
-- Installing: D:/Steam/steamapps/common/Quake 2/rerelease/baseChurch/src/rerelease/vcpkg_installed/x64-windows-static/vcpkg/pkgs/fmt_x64-windows-static/include/fmt/core.h
-- Installing: D:/Steam/steamapps/common/Quake 2/rerelease/baseChurch/src/rerelease/vcpkg_installed/x64-windows-static/vcpkg/pkgs/fmt_x64-windows-static/include/fmt/format.h
-- Installing: D:/Steam/steamapps/common/Quake 2/rerelease/baseChurch/src/rerelease/vcpkg_installed/x64-windows-static/vcpkg/pkgs/fmt_x64-windows-static/include/fmt/format-inl.h
-- Installing: D:/Steam/steamapps/common/Quake 2/rerelease/baseChurch/src/rerelease/vcpkg_installed/x64-windows-static/vcpkg/pkgs/fmt_x64-windows-static/include/fmt/locale.h
-- Installing: D:/Steam/steamapps/common/Quake 2/rerelease/baseChurch/src/rerelease/vcpkg_installed/x64-windows-static/vcpkg/pkgs/fmt_x64-windows-static/include/fmt/os.h
-- Installing: D:/Steam/steamapps/common/Quake 2/rerelease/baseChurch/src/rerelease/vcpkg_installed/x64-windows-static/vcpkg/pkgs/fmt_x64-windows-static/include/fmt/ostream.h
-- Installing: D:/Steam/steamapps/common/Quake 2/rerelease/baseChurch/src/rerelease/vcpkg_installed/x64-windows-static/vcpkg/pkgs/fmt_x64-windows-static/include/fmt/posix.h
-- Installing: D:/Steam/steamapps/common/Quake 2/rerelease/baseChurch/src/rerelease/vcpkg_installed/x64-windows-static/vcpkg/pkgs/fmt_x64-windows-static/include/fmt/printf.h
-- Installing: D:/Steam/steamapps/common/Quake 2/rerelease/baseChurch/src/rerelease/vcpkg_installed/x64-windows-static/vcpkg/pkgs/fmt_x64-windows-static/include/fmt/ranges.h
-- Installing: D:/Steam/steamapps/common/Quake 2/rerelease/baseChurch/src/rerelease/vcpkg_installed/x64-windows-static/vcpkg/pkgs/fmt_x64-windows-static/lib/pkgconfig/fmt.pc
C "cd /D "D:\Steam\steamapps\common\Quake 2\rerelease\baseChurch\src\rerelease\vcpkg_installed\x64-windows-static\vcpkg\blds\fmt\x64-windows-static-rel" && C:\Users\Vaggelis\AppData\Local\vcpkg\downloads\tools\cmake-3.25.1-windows\cmake-3.25.1-windows-i386\bin\cmake.exe -P cmake_install.cmake"
